2018-08-09 08:54:32,553 [Worker-5: Importing Maven projects] INFO  o.e.m.c.i.l.LifecycleMappingFactory - Using org.eclipse.m2e.jdt.JarLifecycleMapping lifecycle mapping for MavenProject: diegotomfurtado:automationInterviewProject:0.0.1-SNAPSHOT @ /Users/diego/workspace/automationLiferayProject/automationInterviewProject/pom.xml.
2018-08-09 08:54:32,912 [Worker-5: Importing Maven projects] INFO  o.e.m.j.i.AbstractJavaProjectConfigurator - Adding source folder /automationInterviewProject/src/main/java
2018-08-09 08:54:32,913 [Worker-5: Importing Maven projects] INFO  o.e.m.j.i.AbstractJavaProjectConfigurator - Adding source folder /automationInterviewProject/src/test/java
2018-08-09 08:54:32,994 [Worker-5: Importing Maven projects] INFO  o.e.m.c.i.p.ProjectConfigurationManager - Imported and configured 1 project(s) in 1 sec
2018-08-09 08:54:33,698 [Worker-5: Building workspace] INFO  o.e.m.c.i.embedder.EclipseLogger - Using 'UTF-8' encoding to copy filtered resources.
2018-08-09 08:54:33,698 [Worker-5: Building workspace] INFO  o.e.m.c.i.embedder.EclipseLogger - skip non existing resourceDirectory /Users/diego/workspace/automationLiferayProject/automationInterviewProject/src/main/resources
2018-08-09 08:54:33,700 [Worker-5: Building workspace] INFO  o.e.m.c.i.embedder.EclipseLogger - Using 'UTF-8' encoding to copy filtered resources.
2018-08-09 08:54:33,701 [Worker-5: Building workspace] INFO  o.e.m.c.i.embedder.EclipseLogger - skip non existing resourceDirectory /Users/diego/workspace/automationLiferayProject/automationInterviewProject/src/test/resources
2018-08-09 09:02:16,398 [Worker-12: Building workspace] INFO  o.e.m.c.i.embedder.EclipseLogger - Using 'UTF-8' encoding to copy filtered resources.
2018-08-09 09:02:16,399 [Worker-12: Building workspace] INFO  o.e.m.c.i.embedder.EclipseLogger - skip non existing resourceDirectory /Users/diego/workspace/automationLiferayProject/automationInterviewProject/src/main/resources
2018-08-09 09:02:16,400 [Worker-12: Building workspace] INFO  o.e.m.c.i.embedder.EclipseLogger - Using 'UTF-8' encoding to copy filtered resources.
2018-08-09 09:02:16,400 [Worker-12: Building workspace] INFO  o.e.m.c.i.embedder.EclipseLogger - skip non existing resourceDirectory /Users/diego/workspace/automationLiferayProject/automationInterviewProject/src/test/resources
2018-08-09 10:04:06,452 [Worker-20: Building workspace] INFO  o.e.m.c.i.embedder.EclipseLogger - Using 'UTF-8' encoding to copy filtered resources.
2018-08-09 10:04:06,453 [Worker-20: Building workspace] INFO  o.e.m.c.i.embedder.EclipseLogger - skip non existing resourceDirectory /Users/diego/workspace/automationLiferayProject/automationInterviewProject/src/main/resources
2018-08-09 10:04:06,454 [Worker-20: Building workspace] INFO  o.e.m.c.i.embedder.EclipseLogger - Using 'UTF-8' encoding to copy filtered resources.
2018-08-09 10:04:06,454 [Worker-20: Building workspace] INFO  o.e.m.c.i.embedder.EclipseLogger - skip non existing resourceDirectory /Users/diego/workspace/automationLiferayProject/automationInterviewProject/src/test/resources
2018-08-09 10:48:17,053 [Worker-31: Updating Maven Dependencies] INFO  o.e.m.c.i.l.LifecycleMappingFactory - Using org.eclipse.m2e.jdt.JarLifecycleMapping lifecycle mapping for MavenProject: diegotomfurtado:automationInterviewProject:0.0.1-SNAPSHOT @ /Users/diego/workspace/automationLiferayProject/automationInterviewProject/pom.xml.
2018-08-09 10:48:18,198 [Worker-26: Building workspace] INFO  o.e.m.c.i.embedder.EclipseLogger - Using 'UTF-8' encoding to copy filtered resources.
2018-08-09 10:48:18,198 [Worker-26: Building workspace] INFO  o.e.m.c.i.embedder.EclipseLogger - skip non existing resourceDirectory /Users/diego/workspace/automationLiferayProject/automationInterviewProject/src/main/resources
2018-08-09 10:48:18,200 [Worker-26: Building workspace] INFO  o.e.m.c.i.embedder.EclipseLogger - Using 'UTF-8' encoding to copy filtered resources.
2018-08-09 10:48:18,200 [Worker-26: Building workspace] INFO  o.e.m.c.i.embedder.EclipseLogger - skip non existing resourceDirectory /Users/diego/workspace/automationLiferayProject/automationInterviewProject/src/test/resources
2018-08-09 11:38:02,999 [Worker-25: Updating Maven Dependencies] INFO  o.e.m.c.i.l.LifecycleMappingFactory - Using org.eclipse.m2e.jdt.JarLifecycleMapping lifecycle mapping for MavenProject: diegotomfurtado:automationInterviewProject:0.0.1-SNAPSHOT @ /Users/diego/workspace/automationLiferayProject/automationInterviewProject/pom.xml.
2018-08-09 11:38:03,490 [Worker-25: Updating Maven Dependencies] INFO  o.e.m.c.i.l.LifecycleMappingFactory - Using org.eclipse.m2e.jdt.JarLifecycleMapping lifecycle mapping for MavenProject: diegotomfurtado:automationInterviewProject:0.0.1-SNAPSHOT @ /Users/diego/workspace/automationLiferayProject/automationInterviewProject/pom.xml.
2018-08-09 11:38:04,901 [Worker-26: Building workspace] INFO  o.e.m.c.i.embedder.EclipseLogger - Using 'UTF-8' encoding to copy filtered resources.
2018-08-09 11:38:04,902 [Worker-26: Building workspace] INFO  o.e.m.c.i.embedder.EclipseLogger - skip non existing resourceDirectory /Users/diego/workspace/automationLiferayProject/automationInterviewProject/src/main/resources
2018-08-09 11:38:04,904 [Worker-26: Building workspace] INFO  o.e.m.c.i.embedder.EclipseLogger - Using 'UTF-8' encoding to copy filtered resources.
2018-08-09 11:38:04,905 [Worker-26: Building workspace] INFO  o.e.m.c.i.embedder.EclipseLogger - skip non existing resourceDirectory /Users/diego/workspace/automationLiferayProject/automationInterviewProject/src/test/resources
2018-08-09 13:36:41,666 [Worker-2: Loading available Gradle versions] INFO  c.g.t.t.d.PublishedGradleVersions - Gradle version information cache is up-to-date. Trying to read.
2018-08-09 13:39:23,970 [Worker-18: Building workspace] INFO  o.e.m.c.i.l.LifecycleMappingFactory - Using org.eclipse.m2e.jdt.JarLifecycleMapping lifecycle mapping for MavenProject: diegotomfurtado:automationInterviewProject:0.0.1-SNAPSHOT @ /Users/diego/workspace/automationLiferayProject/automationInterviewProject/pom.xml.
2018-08-09 13:39:24,439 [Worker-18: Building workspace] INFO  o.e.m.c.i.embedder.EclipseLogger - Using 'UTF-8' encoding to copy filtered resources.
2018-08-09 13:39:24,439 [Worker-18: Building workspace] INFO  o.e.m.c.i.embedder.EclipseLogger - skip non existing resourceDirectory /Users/diego/workspace/automationLiferayProject/automationInterviewProject/src/main/resources
2018-08-09 13:39:24,441 [Worker-18: Building workspace] INFO  o.e.m.c.i.embedder.EclipseLogger - Using 'UTF-8' encoding to copy filtered resources.
2018-08-09 13:39:24,441 [Worker-18: Building workspace] INFO  o.e.m.c.i.embedder.EclipseLogger - skip non existing resourceDirectory /Users/diego/workspace/automationLiferayProject/automationInterviewProject/src/test/resources
2018-08-09 13:39:24,751 [Worker-22: Updating Maven Dependencies] INFO  o.e.m.c.i.l.LifecycleMappingFactory - Using org.eclipse.m2e.jdt.JarLifecycleMapping lifecycle mapping for MavenProject: diegotomfurtado:automationInterviewProject:0.0.1-SNAPSHOT @ /Users/diego/workspace/automationLiferayProject/automationInterviewProject/pom.xml.
2018-08-09 13:39:24,993 [Worker-22: Updating Maven Dependencies] INFO  o.e.m.c.i.l.LifecycleMappingFactory - Using org.eclipse.m2e.jdt.JarLifecycleMapping lifecycle mapping for MavenProject: diegotomfurtado:automationInterviewProject:0.0.1-SNAPSHOT @ /Users/diego/workspace/automationLiferayProject/automationInterviewProject/pom.xml.
2018-08-09 13:39:25,726 [Worker-23: Building workspace] INFO  o.e.m.c.i.embedder.EclipseLogger - Using 'UTF-8' encoding to copy filtered resources.
2018-08-09 13:39:25,727 [Worker-23: Building workspace] INFO  o.e.m.c.i.embedder.EclipseLogger - skip non existing resourceDirectory /Users/diego/workspace/automationLiferayProject/automationInterviewProject/src/main/resources
2018-08-09 13:39:25,729 [Worker-23: Building workspace] INFO  o.e.m.c.i.embedder.EclipseLogger - Using 'UTF-8' encoding to copy filtered resources.
2018-08-09 13:39:25,729 [Worker-23: Building workspace] INFO  o.e.m.c.i.embedder.EclipseLogger - skip non existing resourceDirectory /Users/diego/workspace/automationLiferayProject/automationInterviewProject/src/test/resources
2018-08-09 13:42:15,994 [Worker-11: Building workspace] INFO  o.e.m.c.i.l.LifecycleMappingFactory - Using org.eclipse.m2e.jdt.JarLifecycleMapping lifecycle mapping for MavenProject: diegotomfurtado:automationInterviewProject:0.0.1-SNAPSHOT @ /Users/diego/workspace/automationLiferayProject/automationInterviewProject/pom.xml.
2018-08-09 13:42:16,202 [Worker-11: Building workspace] INFO  o.e.m.c.i.embedder.EclipseLogger - Using 'UTF-8' encoding to copy filtered resources.
2018-08-09 13:42:16,203 [Worker-11: Building workspace] INFO  o.e.m.c.i.embedder.EclipseLogger - skip non existing resourceDirectory /Users/diego/workspace/automationLiferayProject/automationInterviewProject/src/main/resources
2018-08-09 13:42:16,205 [Worker-11: Building workspace] INFO  o.e.m.c.i.embedder.EclipseLogger - Using 'UTF-8' encoding to copy filtered resources.
2018-08-09 13:42:16,205 [Worker-11: Building workspace] INFO  o.e.m.c.i.embedder.EclipseLogger - skip non existing resourceDirectory /Users/diego/workspace/automationLiferayProject/automationInterviewProject/src/test/resources
2018-08-09 13:42:42,377 [Worker-5: Building workspace] INFO  o.e.m.c.i.embedder.EclipseLogger - Using 'UTF-8' encoding to copy filtered resources.
2018-08-09 13:42:42,377 [Worker-5: Building workspace] INFO  o.e.m.c.i.embedder.EclipseLogger - skip non existing resourceDirectory /Users/diego/workspace/automationLiferayProject/automationInterviewProject/src/main/resources
2018-08-09 13:42:42,379 [Worker-5: Building workspace] INFO  o.e.m.c.i.embedder.EclipseLogger - Using 'UTF-8' encoding to copy filtered resources.
2018-08-09 13:42:42,379 [Worker-5: Building workspace] INFO  o.e.m.c.i.embedder.EclipseLogger - skip non existing resourceDirectory /Users/diego/workspace/automationLiferayProject/automationInterviewProject/src/test/resources
2018-08-09 13:47:57,301 [Worker-25: Building workspace] INFO  o.e.m.c.i.l.LifecycleMappingFactory - Using org.eclipse.m2e.jdt.JarLifecycleMapping lifecycle mapping for MavenProject: diegotomfurtado:automationInterviewProject:0.0.1-SNAPSHOT @ /Users/diego/workspace/automationLiferayProject/automationInterviewProject/pom.xml.
2018-08-09 13:47:57,479 [Worker-25: Building workspace] INFO  o.e.m.c.i.embedder.EclipseLogger - Using 'UTF-8' encoding to copy filtered resources.
2018-08-09 13:47:57,479 [Worker-25: Building workspace] INFO  o.e.m.c.i.embedder.EclipseLogger - skip non existing resourceDirectory /Users/diego/workspace/automationLiferayProject/automationInterviewProject/src/main/resources
2018-08-09 13:47:57,481 [Worker-25: Building workspace] INFO  o.e.m.c.i.embedder.EclipseLogger - Using 'UTF-8' encoding to copy filtered resources.
2018-08-09 13:47:57,481 [Worker-25: Building workspace] INFO  o.e.m.c.i.embedder.EclipseLogger - skip non existing resourceDirectory /Users/diego/workspace/automationLiferayProject/automationInterviewProject/src/test/resources
2018-08-09 13:49:17,150 [Worker-27: Updating Maven Dependencies] INFO  o.e.m.c.i.l.LifecycleMappingFactory - Using org.eclipse.m2e.jdt.JarLifecycleMapping lifecycle mapping for MavenProject: diegotomfurtado:automationInterviewProject:0.0.1-SNAPSHOT @ /Users/diego/workspace/automationLiferayProject/automationInterviewProject/pom.xml.
2018-08-09 13:49:18,292 [Worker-26: Building workspace] INFO  o.e.m.c.i.embedder.EclipseLogger - Using 'UTF-8' encoding to copy filtered resources.
2018-08-09 13:49:18,293 [Worker-26: Building workspace] INFO  o.e.m.c.i.embedder.EclipseLogger - skip non existing resourceDirectory /Users/diego/workspace/automationLiferayProject/automationInterviewProject/src/main/resources
2018-08-09 13:49:18,294 [Worker-26: Building workspace] INFO  o.e.m.c.i.embedder.EclipseLogger - Using 'UTF-8' encoding to copy filtered resources.
2018-08-09 13:49:18,294 [Worker-26: Building workspace] INFO  o.e.m.c.i.embedder.EclipseLogger - skip non existing resourceDirectory /Users/diego/workspace/automationLiferayProject/automationInterviewProject/src/test/resources
2018-08-09 13:49:42,552 [Worker-27: Building workspace] INFO  o.e.m.c.i.embedder.EclipseLogger - Using 'UTF-8' encoding to copy filtered resources.
2018-08-09 13:49:42,552 [Worker-27: Building workspace] INFO  o.e.m.c.i.embedder.EclipseLogger - skip non existing resourceDirectory /Users/diego/workspace/automationLiferayProject/automationInterviewProject/src/main/resources
2018-08-09 13:49:42,553 [Worker-27: Building workspace] INFO  o.e.m.c.i.embedder.EclipseLogger - Using 'UTF-8' encoding to copy filtered resources.
2018-08-09 13:49:42,554 [Worker-27: Building workspace] INFO  o.e.m.c.i.embedder.EclipseLogger - skip non existing resourceDirectory /Users/diego/workspace/automationLiferayProject/automationInterviewProject/src/test/resources
2018-08-09 13:49:47,182 [Worker-18: Building workspace] INFO  o.e.m.c.i.embedder.EclipseLogger - Using 'UTF-8' encoding to copy filtered resources.
2018-08-09 13:49:47,183 [Worker-18: Building workspace] INFO  o.e.m.c.i.embedder.EclipseLogger - skip non existing resourceDirectory /Users/diego/workspace/automationLiferayProject/automationInterviewProject/src/main/resources
2018-08-09 13:49:47,184 [Worker-18: Building workspace] INFO  o.e.m.c.i.embedder.EclipseLogger - Using 'UTF-8' encoding to copy filtered resources.
2018-08-09 13:49:47,184 [Worker-18: Building workspace] INFO  o.e.m.c.i.embedder.EclipseLogger - skip non existing resourceDirectory /Users/diego/workspace/automationLiferayProject/automationInterviewProject/src/test/resources
2018-08-10 12:17:50,589 [Worker-4: Loading available Gradle versions] INFO  c.g.t.t.d.PublishedGradleVersions - Gradle version information cache is out-of-date. Trying to update.
2018-08-14 08:39:04,231 [Worker-1: Loading available Gradle versions] INFO  c.g.t.t.d.PublishedGradleVersions - Gradle version information cache is up-to-date. Trying to read.
2018-08-14 14:35:05,128 [Worker-14: Loading available Gradle versions] INFO  c.g.t.t.d.PublishedGradleVersions - Gradle version information cache is up-to-date. Trying to read.
2018-08-15 22:01:24,825 [Worker-10: Loading available Gradle versions] INFO  c.g.t.t.d.PublishedGradleVersions - Gradle version information cache is up-to-date. Trying to read.
2018-08-15 22:18:18,882 [Worker-7: Loading available Gradle versions] INFO  c.g.t.t.d.PublishedGradleVersions - Gradle version information cache is up-to-date. Trying to read.
2018-08-15 23:49:26,480 [Worker-4: Loading available Gradle versions] INFO  c.g.t.t.d.PublishedGradleVersions - Gradle version information cache is up-to-date. Trying to read.
2018-08-16 09:33:55,559 [Worker-1: Loading available Gradle versions] INFO  c.g.t.t.d.PublishedGradleVersions - Gradle version information cache is out-of-date. Trying to update.
2018-08-16 15:59:14,879 [Worker-0: Loading available Gradle versions] INFO  c.g.t.t.d.PublishedGradleVersions - Gradle version information cache is up-to-date. Trying to read.
2018-08-16 21:10:25,295 [Worker-23: Debug Source Lookup] INFO  o.e.m.c.i.e.AbstractTransferListenerAdapter - Downloading https://repo.maven.apache.org/maven2/info/cukes/cucumber-core/1.2.5/cucumber-core-1.2.5-sources.jar
2018-08-16 21:10:25,827 [Worker-23: Debug Source Lookup] INFO  o.e.m.c.i.e.AbstractTransferListenerAdapter - Downloaded https://repo.maven.apache.org/maven2/info/cukes/cucumber-core/1.2.5/cucumber-core-1.2.5-sources.jar
2018-08-18 11:15:05,428 [Worker-4: Loading available Gradle versions] INFO  c.g.t.t.d.PublishedGradleVersions - Gradle version information cache is out-of-date. Trying to update.
2018-08-21 15:08:36,854 [Worker-10: Loading available Gradle versions] INFO  c.g.t.t.d.PublishedGradleVersions - Gradle version information cache is up-to-date. Trying to read.
2018-08-23 12:53:46,530 [Worker-12: Loading available Gradle versions] INFO  c.g.t.t.d.PublishedGradleVersions - Gradle version information cache is up-to-date. Trying to read.
2018-09-01 13:01:21,838 [Worker-0: Loading available Gradle versions] INFO  c.g.t.t.d.PublishedGradleVersions - Gradle version information cache is up-to-date. Trying to read.
